/.idea/.gitignore
/src/main/kotlin/Main.kt
/src/main/kotlin/TrackerViewHelper.kt
/src/main/kotlin/TrackingSimulator.kt
/src/main/kotlin/Shipment.kt
/src/main/kotlin/ShippingUpdate.kt
/src/main/kotlin/Observer.kt
/src/main/kotlin/Observable.kt
/src/main/kotlin/ShipmentStrategy.kt
/.idea/workspace.xml
/src/main/kotlin/CreateShipmentStrategy.kt
/src/main/kotlin/CreatedStrategy.kt
/src/main/kotlin/DeliveredStrategy.kt
/src/main/kotlin/CancelledStrategy.kt
/src/main/kotlin/ShippedStrategy.kt
/src/main/kotlin/LostStrategy.kt
/src/main/kotlin/DelayedStrategy.kt
/src/main/kotlin/LocationStrategy.kt
/src/main/kotlin/NoteAddedStrategy.kt
/.gitignore
/.idea/.gitignore
/src/main/kotlin/Main.kt
/src/main/kotlin/TrackerViewHelper.kt
/src/main/kotlin/TrackingSimulator.kt
/src/main/kotlin/Shipment.kt
/src/main/kotlin/ShippingUpdate.kt
/src/main/kotlin/Observer.kt
/src/main/kotlin/Observable.kt
/src/main/kotlin/ShipmentStrategy.kt
/.idea/workspace.xml
/src/main/kotlin/CreateShipmentStrategy.kt
/src/main/kotlin/CreatedStrategy.kt
/src/main/kotlin/DeliveredStrategy.kt
/src/main/kotlin/CancelledStrategy.kt
/src/main/kotlin/ShippedStrategy.kt
/src/main/kotlin/LostStrategy.kt
/src/main/kotlin/DelayedStrategy.kt
/src/main/kotlin/LocationStrategy.kt
/src/main/kotlin/NoteAddedStrategy.kt
/src/test/kotlin/TrackingSimulatorTest.java
/src/test/kotlin/TrackingSimulatorTest.kt
